<?xml version="1.0" encoding="UTF-8"?>
<coverage generated="1705585163646" clover="3.2.0">
  <project timestamp="1705585163646" name="All files">
    <metrics statements="23" coveredstatements="18" conditionals="8" coveredconditionals="4" methods="4" coveredmethods="4" elements="35" coveredelements="26" complexity="0" loc="23" ncloc="23" packages="1" files="1" classes="1"/>
    <file name=" bestStudents.js" path="/Users/angelika/Downloads/testing/h.w.3.2.2.new/ bestStudents.js">
      <metrics statements="23" coveredstatements="18" conditionals="8" coveredconditionals="4" methods="4" coveredmethods="4"/>
      <line num="1" count="1" type="stmt"/>
      <line num="3" count="1" type="stmt"/>
      <line num="5" count="1" type="stmt"/>
      <line num="6" count="3" type="stmt"/>
      <line num="7" count="18" type="cond" truecount="2" falsecount="0"/>
      <line num="8" count="9" type="stmt"/>
      <line num="10" count="18" type="stmt"/>
      <line num="11" count="110" type="stmt"/>
      <line num="16" count="1" type="stmt"/>
      <line num="18" count="1" type="stmt"/>
      <line num="21" count="1" type="stmt"/>
      <line num="22" count="1" type="stmt"/>
      <line num="24" count="1" type="cond" truecount="1" falsecount="1"/>
      <line num="25" count="0" type="stmt"/>
      <line num="26" count="0" type="stmt"/>
      <line num="27" count="1" type="stmt"/>
      <line num="28" count="1" type="cond" truecount="1" falsecount="1"/>
      <line num="29" count="1" type="stmt"/>
      <line num="30" count="0" type="cond" truecount="0" falsecount="2"/>
      <line num="31" count="0" type="stmt"/>
      <line num="33" count="0" type="stmt"/>
      <line num="39" count="1" type="stmt"/>
      <line num="41" count="1" type="stmt"/>
    </file>
  </project>
</coverage>
