TN:
SF: bestStudents.js
FN:5,(anonymous_0)
FN:6,(anonymous_1)
FN:10,(anonymous_2)
FN:20,findWinner
FNF:4
FNH:4
FNDA:3,(anonymous_0)
FNDA:18,(anonymous_1)
FNDA:110,(anonymous_2)
FNDA:1,findWinner
DA:1,1
DA:3,1
DA:5,1
DA:6,3
DA:7,18
DA:8,9
DA:10,18
DA:11,110
DA:16,1
DA:18,1
DA:21,1
DA:22,1
DA:24,1
DA:25,0
DA:26,0
DA:27,1
DA:28,1
DA:29,1
DA:30,0
DA:31,0
DA:33,0
DA:39,1
DA:41,1
LF:23
LH:18
BRDA:7,0,0,9
BRDA:7,0,1,9
BRDA:24,1,0,0
BRDA:24,1,1,1
BRDA:28,2,0,1
BRDA:28,2,1,0
BRDA:30,3,0,0
BRDA:30,3,1,0
BRF:8
BRH:4
end_of_record
